

Version:	3.50
CmdLine:	C:\Users\natej\Code\sac-state\csc-131\csc-131-vending-machine-software\application\customer.exe --l4j-debug
JNI:		No
WOW64:		Yes
Working dir:	C:\Users\natej\Code\sac-state\csc-131\csc-131-vending-machine-software\application\.
Requires JDK:	No
Requires 64-Bit: No
Java min ver:	1.008.000
Java max ver:	
Substitute:	JAVA_HOME = 
Substitute:	PATH = C:\Program Files\Common Files\Oracle\Java\javapath;C:\Windows\system32;C:\Windows;C:\Windows\System32\Wbem;C:\Windows\System32\WindowsPowerShell\v1.0\;C:\Windows\System32\OpenSSH\;C:\Program Files\Git\cmd;C:\ProgramData\chocolatey\bin;%NVM_HOME%;%NVM_SYMLINK%;C:\Program Files\Amazon\AWSCLIV2\;C:\Users\natej\AppData\Local\Microsoft\WindowsApps;C:\Users\natej\AppData\Local\Programs\Python\Python310\Scripts;C:\Program Files\JetBrains\PyCharm Community Edition 2022.1.3\bin;;C:\Users\natej\AppData\Local\Programs\Python\Python310\;C:\Users\natej\AppData\Roaming\nvm;C:\Program Files\nodejs;C:\Users\natej\AppData\Local\Programs\Microsoft VS Code\bin;C:\Program Files\Java\jdk-19\bin
JRE paths:	;C:\Program Files\Common Files\Oracle\Java\javapath;C:\Windows\system32;C:\Windows;C:\Windows\System32\Wbem;C:\Windows\System32\WindowsPowerShell\v1.0\;C:\Windows\System32\OpenSSH\;C:\Program Files\Git\cmd;C:\ProgramData\chocolatey\bin;%NVM_HOME%;%NVM_SYMLINK%;C:\Program Files\Amazon\AWSCLIV2\;C:\Users\natej\AppData\Local\Microsoft\WindowsApps;C:\Users\natej\AppData\Local\Programs\Python\Python310\Scripts;C:\Program Files\JetBrains\PyCharm Community Edition 2022.1.3\bin;;C:\Users\natej\AppData\Local\Programs\Python\Python310\;C:\Users\natej\AppData\Roaming\nvm;C:\Program Files\nodejs;C:\Users\natej\AppData\Local\Programs\Microsoft VS Code\bin;C:\Program Files\Java\jdk-19\bin
Check launcher:	C:\Program Files\Common Files\Oracle\Java\javapath\bin\javaw.exe (not found)
Check launcher:	C:\Windows\system32\bin\javaw.exe (not found)
Check launcher:	C:\Windows\bin\javaw.exe (not found)
Check launcher:	C:\Windows\System32\Wbem\bin\javaw.exe (not found)
Check launcher:	C:\Windows\System32\WindowsPowerShell\v1.0\bin\javaw.exe (not found)
Check launcher:	C:\Windows\System32\OpenSSH\bin\javaw.exe (not found)
Check launcher:	C:\Program Files\Git\cmd\bin\javaw.exe (not found)
Check launcher:	C:\ProgramData\chocolatey\bin\javaw.exe (not found)
Check launcher:	C:\Users\natej\Code\sac-state\csc-131\csc-131-vending-machine-software\application\%NVM_HOME%\bin\javaw.exe (not found)
Check launcher:	C:\Users\natej\Code\sac-state\csc-131\csc-131-vending-machine-software\application\%NVM_SYMLINK%\bin\javaw.exe (not found)
Check launcher:	C:\Program Files\Amazon\AWSCLIV2\bin\javaw.exe (not found)
Check launcher:	C:\Users\natej\AppData\Local\Microsoft\WindowsApps\bin\javaw.exe (not found)
Check launcher:	C:\Users\natej\AppData\Local\Programs\Python\Python310\Scripts\bin\javaw.exe (not found)
Check launcher:	C:\Program Files\JetBrains\PyCharm Community Edition 2022.1.3\bin\javaw.exe (not found)
Check launcher:	C:\Users\natej\AppData\Local\Programs\Python\Python310\bin\javaw.exe (not found)
Check launcher:	C:\Users\natej\AppData\Roaming\nvm\bin\javaw.exe (not found)
Check launcher:	C:\Program Files\nodejs\bin\javaw.exe (not found)
Check launcher:	C:\Users\natej\AppData\Local\Programs\Microsoft VS Code\bin\javaw.exe (not found)
Check launcher:	C:\Program Files\Java\jdk-19\bin\javaw.exe (OK)
Version string: 1.019.000_001 / 64-Bit (OK)
Launcher:	C:\Program Files\Java\jdk-19\bin\javaw.exe
Launcher args:	-jar "C:\Users\natej\Code\sac-state\csc-131\csc-131-vending-machine-software\application\customer.exe"
Args length:	102/32768 chars
Exit code:	0


Version:	3.50
CmdLine:	C:\Users\natej\Code\sac-state\csc-131\csc-131-vending-machine-software\application\manager.exe --l4j-debug
JNI:		No
WOW64:		Yes
Working dir:	C:\Users\natej\Code\sac-state\csc-131\csc-131-vending-machine-software\application\.
Requires JDK:	No
Requires 64-Bit: No
Java min ver:	1.008.000
Java max ver:	
Substitute:	JAVA_HOME = 
JRE paths:	
64-bit search:	SOFTWARE\JavaSoft\Java Runtime Environment...
32-bit search:	SOFTWARE\JavaSoft\Java Runtime Environment...
64-bit search:	SOFTWARE\JavaSoft\Java Development Kit...
32-bit search:	SOFTWARE\JavaSoft\Java Development Kit...
64-bit search:	SOFTWARE\JavaSoft\JRE...
32-bit search:	SOFTWARE\JavaSoft\JRE...
64-bit search:	SOFTWARE\JavaSoft\JDK...
Check:		SOFTWARE\JavaSoft\JDK\19.0.1
Version string: 1.019.000_001 / 64-Bit (OK)
Check launcher:	C:\Program Files\Java\jdk-19\bin\javaw.exe (OK)
Match:		1.019.000_001
Runtime used:	1.019.000_001 (64-bit)
Launcher:	C:\Program Files\Java\jdk-19\bin\javaw.exe
Launcher args:	-jar "C:\Users\natej\Code\sac-state\csc-131\csc-131-vending-machine-software\application\manager.exe"
Args length:	101/32768 chars
Exit code:	0


Version:	3.50
CmdLine:	C:\Users\natej\Code\sac-state\csc-131\csc-131-vending-machine-software\application\restocker.exe --l4j-debug
JNI:		No
WOW64:		Yes
Working dir:	C:\Users\natej\Code\sac-state\csc-131\csc-131-vending-machine-software\application\.
Requires JDK:	No
Requires 64-Bit: No
Java min ver:	1.008.000
Java max ver:	
Substitute:	JAVA_HOME = 
JRE paths:	;PATH
Check launcher:	C:\Users\natej\Code\sac-state\csc-131\csc-131-vending-machine-software\application\PATH\bin\javaw.exe (not found)
64-bit search:	SOFTWARE\JavaSoft\Java Runtime Environment...
32-bit search:	SOFTWARE\JavaSoft\Java Runtime Environment...
64-bit search:	SOFTWARE\JavaSoft\Java Development Kit...
32-bit search:	SOFTWARE\JavaSoft\Java Development Kit...
64-bit search:	SOFTWARE\JavaSoft\JRE...
32-bit search:	SOFTWARE\JavaSoft\JRE...
64-bit search:	SOFTWARE\JavaSoft\JDK...
Check:		SOFTWARE\JavaSoft\JDK\19.0.1
Version string: 1.019.000_001 / 64-Bit (OK)
Check launcher:	C:\Program Files\Java\jdk-19\bin\javaw.exe (OK)
Match:		1.019.000_001
Runtime used:	1.019.000_001 (64-bit)
Launcher:	C:\Program Files\Java\jdk-19\bin\javaw.exe
Launcher args:	-jar "C:\Users\natej\Code\sac-state\csc-131\csc-131-vending-machine-software\application\restocker.exe"
Args length:	103/32768 chars
Exit code:	0
